<?xml version="1.0" encoding="UTF-8"?>
<testsuite xmlns:xsi="http://www.w3.org/2001/XMLSchema-instance" xsi:noNamespaceSchemaLocation="https://maven.apache.org/surefire/maven-surefire-plugin/xsd/surefire-test-report.xsd" version="3.0.2" name="com.app.SbDiApplicationTests" time="4.413" tests="1" errors="0" skipped="0" failures="0">
  <properties>
[...]
</properties>
  <testcase name="contextLoads" classname="com.app.SbDiApplicationTests" time="1.215">
    <system-out><![CDATA[13:16:06.852 [main] INFO org.springframework.test.context.support.AnnotationConfigContextLoaderUtils -- Could not detect default configuration classes for test class [com.app.SbDiApplicationTests]: SbDiApplicationTests does not declare any static, non-private, non-final, nested classes annotated with @Configuration.
13:16:07.030 [main] INFO org.springframework.boot.test.context.SpringBootTestContextBootstrapper -- Found @SpringBootConfiguration com.app.SbDiApplication for test class com.app.SbDiApplicationTests
13:16:07.339 [main] INFO org.springframework.boot.devtools.restart.RestartApplicationListener -- Restart disabled due to context in which it is running

  .   ____          _            __ _ _
 /\\ / ___'_ __ _ _(_)_ __  __ _ \ \ \ \
( ( )\___ | '_ | '_| | '_ \/ _` | \ \ \ \
 \\/  ___)| |_)| | | | | || (_| |  ) ) ) )
  '  |____| .__|_| |_|_| |_\__, | / / / /
 =========|_|==============|___/=/_/_/_/

 :: Spring Boot ::                (v3.5.0)

2025-05-30T13:16:07.853+05:30  INFO 2476 --- [SB-DI] [           main] com.app.SbDiApplicationTests             : Starting SbDiApplicationTests using Java 17.0.9 with PID 2476 (started by Admin in C:\Java Softwares\WebBasedMarch2025\SB-DI)
2025-05-30T13:16:07.856+05:30  INFO 2476 --- [SB-DI] [           main] com.app.SbDiApplicationTests             : No active profile set, falling back to 1 default profile: "default"
In default of Cricket
Custom Init Method : CricketCoach
In football
In default of Tennis
In Parameterized 
Custom Init Method : CoachRestController
In default of BaseBallCoach
2025-05-30T13:16:09.788+05:30  INFO 2476 --- [SB-DI] [           main] com.app.SbDiApplicationTests             : Started SbDiApplicationTests in 2.469 seconds (process running for 3.974)
]]></system-out>
  </testcase>
</testsuite>